1656098243452	geckodriver	INFO	Listening on 127.0.0.1:55499
1656098243467	mozrunner::runner	INFO	Running command: "/usr/bin/firefox" "--marionette" "-no-remote" "-profile" "/tmp/rust_mozprofileEkk6PN"
1656098244272	Marionette	INFO	Marionette enabled
console.warn: SearchSettings: "get: No settings file exists, new profile?" (new NotFoundError("Could not open the file at /tmp/rust_mozprofileEkk6PN/search.json.mozlz4", (void 0)))
1656098247337	Marionette	INFO	Listening on port 33873
Read port: 33873
1656098247577	RemoteAgent	WARN	TLS certificate errors will be ignored for this session
JavaScript warning: https://s.yimg.com/wm/mbr/242feffce0a132d814b6744b63caa72d3a100e56/bundle.js, line 2: WEBGL_debug_renderer_info is deprecated in Firefox and will be removed. Please use RENDERER.
JavaScript warning: https://s.yimg.com/wm/mbr/242feffce0a132d814b6744b63caa72d3a100e56/bundle.js, line 2: WEBGL_debug_renderer_info is deprecated in Firefox and will be removed. Please use RENDERER.
JavaScript error: resource://gre/modules/AsyncShutdown.jsm, line 575: NotFoundError: No such JSWindowActor 'DevToolsFrame'
JavaScript error: resource://gre/modules/AsyncShutdown.jsm, line 575: NotFoundError: No such JSWindowActor 'DevToolsFrame'
JavaScript error: resource://gre/modules/AsyncShutdown.jsm, line 575: NotFoundError: No such JSWindowActor 'DevToolsFrame'
JavaScript error: resource://gre/modules/AsyncShutdown.jsm, line 575: NotFoundError: No such JSWindowActor 'DevToolsFrame'
JavaScript error: resource://gre/modules/AsyncShutdown.jsm, line 575: NotFoundError: No such JSWindowActor 'DevToolsFrame'
JavaScript error: resource://gre/modules/AsyncShutdown.jsm, line 575: NotFoundError: No such JSWindowActor 'DevToolsFrame'
1656098336113	Marionette	INFO	Stopped listening on port 33873

###!!! [Parent][PContentParent] Error: Send(msgname=PContent::Msg_DestroyBrowsingContextGroup) Closed channel: cannot send/recv


###!!! [Parent][PImageBridgeParent] Error: RunMessage(msgname=PImageBridge::Msg_WillClose) Channel closing: too late to send/recv, messages will be lost

1656099587781	geckodriver	INFO	Listening on 127.0.0.1:47767
1656099587788	mozrunner::runner	INFO	Running command: "/usr/bin/firefox" "--marionette" "-no-remote" "-profile" "/tmp/rust_mozprofilesLBdC5"
1656099588640	Marionette	INFO	Marionette enabled
console.warn: SearchSettings: "get: No settings file exists, new profile?" (new NotFoundError("Could not open the file at /tmp/rust_mozprofilesLBdC5/search.json.mozlz4", (void 0)))
1656099591021	Marionette	INFO	Listening on port 45951
Read port: 45951
1656099591184	RemoteAgent	WARN	TLS certificate errors will be ignored for this session
JavaScript warning: https://api.fouanalytics.com/s/pp.js, line 1: WEBGL_debug_renderer_info is deprecated in Firefox and will be removed. Please use RENDERER.
JavaScript warning: https://pagead2.googlesyndication.com/bg/Aq6axuIj4xdN0A4LClEu7wk1FdfqQrvSY5ZnYLGiLRk.js line 2 > eval line 1134 > eval line 1 > eval line 1 > eval, line 1: WEBGL_debug_renderer_info is deprecated in Firefox and will be removed. Please use RENDERER.
JavaScript error: , line 0: uncaught exception: 7
JavaScript warning: https://pagead2.googlesyndication.com/bg/Aq6axuIj4xdN0A4LClEu7wk1FdfqQrvSY5ZnYLGiLRk.js line 2 > eval line 6151 > eval line 1 > eval line 1 > eval, line 1: WEBGL_debug_renderer_info is deprecated in Firefox and will be removed. Please use RENDERER.
JavaScript warning: https://pagead2.googlesyndication.com/bg/Aq6axuIj4xdN0A4LClEu7wk1FdfqQrvSY5ZnYLGiLRk.js line 2 > eval line 3374 > eval line 1 > eval line 1 > eval, line 1: WEBGL_debug_renderer_info is deprecated in Firefox and will be removed. Please use RENDERER.
1656099612951	geckodriver	INFO	Listening on 127.0.0.1:60911
1656099612973	mozrunner::runner	INFO	Running command: "/usr/bin/firefox" "--marionette" "-no-remote" "-profile" "/tmp/rust_mozprofiles0Lss5"
JavaScript warning: https://pagead2.googlesyndication.com/bg/Aq6axuIj4xdN0A4LClEu7wk1FdfqQrvSY5ZnYLGiLRk.js line 2 > eval line 5370 > eval line 1 > eval line 1 > eval, line 1: WEBGL_debug_renderer_info is deprecated in Firefox and will be removed. Please use RENDERER.
1656099619327	Marionette	INFO	Marionette enabled
console.warn: SearchSettings: "get: No settings file exists, new profile?" (new NotFoundError("Could not open the file at /tmp/rust_mozprofiles0Lss5/search.json.mozlz4", (void 0)))
1656099622911	Marionette	INFO	Listening on port 37207
Read port: 37207
1656099623080	RemoteAgent	WARN	TLS certificate errors will be ignored for this session
JavaScript warning: https://api.fouanalytics.com/s/pp.js, line 1: WEBGL_debug_renderer_info is deprecated in Firefox and will be removed. Please use RENDERER.
JavaScript warning: https://pagead2.googlesyndication.com/bg/Aq6axuIj4xdN0A4LClEu7wk1FdfqQrvSY5ZnYLGiLRk.js line 2 > eval line 3085 > eval line 1 > eval line 1 > eval, line 1: WEBGL_debug_renderer_info is deprecated in Firefox and will be removed. Please use RENDERER.
1656099630553	Marionette	INFO	Stopped listening on port 45951

###!!! [Child][PContentChild] Error: RunMessage(msgname=PContent::Reply_DiscardBrowsingContext) Channel closing: too late to send/recv, messages will be lost


###!!! [Child][PContentChild] Error: RunMessage(msgname=PHttpChannel::Msg_DeleteSelf) Channel closing: too late to send/recv, messages will be lost


###!!! [Child][PContentChild] Error: RunMessage(msgname=PHttpChannel::Msg_DeleteSelf) Channel closing: too late to send/recv, messages will be lost


###!!! [Child][PContentChild] Error: RunMessage(msgname=PHttpChannel::Msg_DeleteSelf) Channel closing: too late to send/recv, messages will be lost


###!!! [Child][PContentChild] Error: RunMessage(msgname=PHttpChannel::Msg_DeleteSelf) Channel closing: too late to send/recv, messages will be lost


###!!! [Child][PContentChild] Error: RunMessage(msgname=PHttpChannel::Msg_DeleteSelf) Channel closing: too late to send/recv, messages will be lost


###!!! [Child][PContentChild] Error: RunMessage(msgname=PHttpChannel::Msg_DeleteSelf) Channel closing: too late to send/recv, messages will be lost


###!!! [Child][PContentChild] Error: RunMessage(msgname=PHttpChannel::Msg_DeleteSelf) Channel closing: too late to send/recv, messages will be lost


###!!! [Child][PContentChild] Error: RunMessage(msgname=PHttpChannel::Msg_DeleteSelf) Channel closing: too late to send/recv, messages will be lost

JavaScript error: , line 0: TypeError: NetworkError when attempting to fetch resource.
JavaScript error: , line 0: TypeError: NetworkError when attempting to fetch resource.

###!!! [Child][PContentChild] Error: RunMessage(msgname=PContent::Msg_DiscardWindowContext) Channel closing: too late to send/recv, messages will be lost


###!!! [Child][PContentChild] Error: RunMessage(msgname=PContent::Msg_DiscardWindowContext) Channel closing: too late to send/recv, messages will be lost

JavaScript error: , line 0: TypeError: NetworkError when attempting to fetch resource.

###!!! [Child][PContentChild] Error: RunMessage(msgname=PContent::Msg_DiscardWindowContext) Channel closing: too late to send/recv, messages will be lost


###!!! [Child][PContentChild] Error: RunMessage(msgname=PContent::Msg_DiscardWindowContext) Channel closing: too late to send/recv, messages will be lost


###!!! [Child][PContentChild] Error: RunMessage(msgname=PContent::Reply_DiscardBrowsingContext) Channel closing: too late to send/recv, messages will be lost


###!!! [Child][PContentChild] Error: RunMessage(msgname=PContent::Reply_DiscardBrowsingContext) Channel closing: too late to send/recv, messages will be lost


###!!! [Child][PContentChild] Error: RunMessage(msgname=PContent::Reply_DiscardBrowsingContext) Channel closing: too late to send/recv, messages will be lost

JavaScript error: https://imasdk.googleapis.com/formats/outstream/versioned/prod2/outstream_web_client_20220613_RC00/outstream.min.js, line 579: Error: lima_missing_ad_media
JavaScript warning: https://pagead2.googlesyndication.com/bg/Aq6axuIj4xdN0A4LClEu7wk1FdfqQrvSY5ZnYLGiLRk.js line 2 > eval line 5595 > eval line 1 > eval line 1 > eval, line 1: WEBGL_debug_renderer_info is deprecated in Firefox and will be removed. Please use RENDERER.
1656099642829	Marionette	WARN	Ignoring event 'pageshow' because document has an invalid readyState of 'uninitialized'.
1656099642889	Marionette	WARN	Ignoring event 'pageshow' because document has an invalid readyState of 'uninitialized'.
JavaScript warning: https://pagead2.googlesyndication.com/bg/Aq6axuIj4xdN0A4LClEu7wk1FdfqQrvSY5ZnYLGiLRk.js line 2 > eval line 4962 > eval line 1 > eval line 1 > eval, line 1: WEBGL_debug_renderer_info is deprecated in Firefox and will be removed. Please use RENDERER.
JavaScript warning: https://pagead2.googlesyndication.com/bg/Aq6axuIj4xdN0A4LClEu7wk1FdfqQrvSY5ZnYLGiLRk.js line 2 > eval line 7115 > eval line 1 > eval line 1 > eval, line 1: WEBGL_debug_renderer_info is deprecated in Firefox and will be removed. Please use RENDERER.
JavaScript error: , line 0: TypeError: NetworkError when attempting to fetch resource.
JavaScript error: , line 0: TypeError: NetworkError when attempting to fetch resource.
JavaScript error: , line 0: TypeError: NetworkError when attempting to fetch resource.
JavaScript error: https://assets.a-mo.net/js/cframe.js#gdpr=0&gdpr_consent=&cc=SG, line 1: Error: NO
JavaScript warning: https://pagead2.googlesyndication.com/bg/Aq6axuIj4xdN0A4LClEu7wk1FdfqQrvSY5ZnYLGiLRk.js line 2 > eval line 4987 > eval line 1 > eval line 1 > eval, line 1: WEBGL_debug_renderer_info is deprecated in Firefox and will be removed. Please use RENDERER.
JavaScript warning: https://pagead2.googlesyndication.com/bg/Aq6axuIj4xdN0A4LClEu7wk1FdfqQrvSY5ZnYLGiLRk.js line 2 > eval line 3661 > eval line 1 > eval line 1 > eval, line 1: WEBGL_debug_renderer_info is deprecated in Firefox and will be removed. Please use RENDERER.
JavaScript error: , line 0: uncaught exception: 7
JavaScript warning: https://pagead2.googlesyndication.com/bg/Aq6axuIj4xdN0A4LClEu7wk1FdfqQrvSY5ZnYLGiLRk.js line 2 > eval line 4287 > eval line 1 > eval line 1 > eval, line 1: WEBGL_debug_renderer_info is deprecated in Firefox and will be removed. Please use RENDERER.
1656099675460	Marionette	INFO	Stopped listening on port 37207
JavaScript error: , line 0: TypeError: NetworkError when attempting to fetch resource.
JavaScript error: , line 0: TypeError: NetworkError when attempting to fetch resource.
JavaScript error: , line 0: TypeError: NetworkError when attempting to fetch resource.
JavaScript error: chrome://remote/content/marionette/cert.js, line 55: NS_ERROR_NOT_AVAILABLE: Component returned failure code: 0x80040111 (NS_ERROR_NOT_AVAILABLE) [nsICertOverrideService.setDisableAllSecurityChecksAndLetAttackersInterceptMyData]

###!!! [Child][PContentChild] Error: RunMessage(msgname=PContent::Msg_DestroyBrowsingContextGroup) Channel closing: too late to send/recv, messages will be lost

1656099692056	geckodriver	INFO	Listening on 127.0.0.1:56193
1656099692065	mozrunner::runner	INFO	Running command: "/usr/bin/firefox" "--marionette" "-no-remote" "-profile" "/tmp/rust_mozprofileSXPxEr"
1656099692853	Marionette	INFO	Marionette enabled
console.warn: SearchSettings: "get: No settings file exists, new profile?" (new NotFoundError("Could not open the file at /tmp/rust_mozprofileSXPxEr/search.json.mozlz4", (void 0)))
1656099694853	Marionette	INFO	Listening on port 44011
Read port: 44011
1656099695024	RemoteAgent	WARN	TLS certificate errors will be ignored for this session
JavaScript warning: https://api.fouanalytics.com/s/pp.js, line 1: WEBGL_debug_renderer_info is deprecated in Firefox and will be removed. Please use RENDERER.
JavaScript warning: https://pagead2.googlesyndication.com/bg/Aq6axuIj4xdN0A4LClEu7wk1FdfqQrvSY5ZnYLGiLRk.js line 2 > eval line 1598 > eval line 1 > eval line 1 > eval, line 1: WEBGL_debug_renderer_info is deprecated in Firefox and will be removed. Please use RENDERER.
1656099711885	Marionette	WARN	Ignoring event 'pageshow' because document has an invalid readyState of 'uninitialized'.
1656099712170	Marionette	WARN	Ignoring event 'pageshow' because document has an invalid readyState of 'uninitialized'.
JavaScript warning: https://pagead2.googlesyndication.com/bg/Aq6axuIj4xdN0A4LClEu7wk1FdfqQrvSY5ZnYLGiLRk.js line 2 > eval line 2403 > eval line 1 > eval line 1 > eval, line 1: WEBGL_debug_renderer_info is deprecated in Firefox and will be removed. Please use RENDERER.
JavaScript error: https://imasdk.googleapis.com/formats/outstream/versioned/prod2/outstream_web_client_20220613_RC00/outstream.min.js, line 579: Error: lima_missing_ad_media
JavaScript warning: https://pagead2.googlesyndication.com/bg/Aq6axuIj4xdN0A4LClEu7wk1FdfqQrvSY5ZnYLGiLRk.js line 2 > eval line 4196 > eval line 1 > eval line 1 > eval, line 1: WEBGL_debug_renderer_info is deprecated in Firefox and will be removed. Please use RENDERER.
JavaScript warning: https://pagead2.googlesyndication.com/bg/Aq6axuIj4xdN0A4LClEu7wk1FdfqQrvSY5ZnYLGiLRk.js line 2 > eval line 5769 > eval line 1 > eval line 1 > eval, line 1: WEBGL_debug_renderer_info is deprecated in Firefox and will be removed. Please use RENDERER.
JavaScript error: https://assets.a-mo.net/js/cframe.js#gdpr=0&gdpr_consent=&cc=SG, line 1: Error: NO
JavaScript error: , line 0: TypeError: NetworkError when attempting to fetch resource.
JavaScript error: , line 0: TypeError: NetworkError when attempting to fetch resource.
JavaScript error: , line 0: TypeError: NetworkError when attempting to fetch resource.
JavaScript error: , line 0: TypeError: NetworkError when attempting to fetch resource.
JavaScript warning: https://pagead2.googlesyndication.com/bg/Aq6axuIj4xdN0A4LClEu7wk1FdfqQrvSY5ZnYLGiLRk.js line 2 > eval line 4546 > eval line 1 > eval line 1 > eval, line 1: WEBGL_debug_renderer_info is deprecated in Firefox and will be removed. Please use RENDERER.
JavaScript error: , line 0: uncaught exception: 7
JavaScript warning: https://pagead2.googlesyndication.com/bg/Aq6axuIj4xdN0A4LClEu7wk1FdfqQrvSY5ZnYLGiLRk.js line 2 > eval line 4219 > eval line 1 > eval line 1 > eval, line 1: WEBGL_debug_renderer_info is deprecated in Firefox and will be removed. Please use RENDERER.
JavaScript warning: https://pagead2.googlesyndication.com/bg/Aq6axuIj4xdN0A4LClEu7wk1FdfqQrvSY5ZnYLGiLRk.js line 2 > eval line 7453 > eval line 1 > eval line 1 > eval, line 1: WEBGL_debug_renderer_info is deprecated in Firefox and will be removed. Please use RENDERER.
1656099750413	Marionette	INFO	Stopped listening on port 44011
JavaScript error: , line 0: TypeError: NetworkError when attempting to fetch resource.
JavaScript error: , line 0: TypeError: NetworkError when attempting to fetch resource.
JavaScript error: , line 0: TypeError: NetworkError when attempting to fetch resource.
JavaScript error: chrome://remote/content/marionette/cert.js, line 55: NS_ERROR_NOT_AVAILABLE: Component returned failure code: 0x80040111 (NS_ERROR_NOT_AVAILABLE) [nsICertOverrideService.setDisableAllSecurityChecksAndLetAttackersInterceptMyData]
JavaScript error: , line 0: TypeError: NetworkError when attempting to fetch resource.
1656099859224	geckodriver	INFO	Listening on 127.0.0.1:55015
1656099859230	mozrunner::runner	INFO	Running command: "/usr/bin/firefox" "--marionette" "-no-remote" "-profile" "/tmp/rust_mozprofile9iBpBF"
1656099860128	Marionette	INFO	Marionette enabled
console.warn: SearchSettings: "get: No settings file exists, new profile?" (new NotFoundError("Could not open the file at /tmp/rust_mozprofile9iBpBF/search.json.mozlz4", (void 0)))
1656099862634	Marionette	INFO	Listening on port 44197
Read port: 44197
1656099862791	RemoteAgent	WARN	TLS certificate errors will be ignored for this session
JavaScript warning: https://api.fouanalytics.com/s/pp.js, line 1: WEBGL_debug_renderer_info is deprecated in Firefox and will be removed. Please use RENDERER.
JavaScript warning: https://pagead2.googlesyndication.com/bg/Aq6axuIj4xdN0A4LClEu7wk1FdfqQrvSY5ZnYLGiLRk.js line 2 > eval line 2421 > eval line 1 > eval line 1 > eval, line 1: WEBGL_debug_renderer_info is deprecated in Firefox and will be removed. Please use RENDERER.
1656099878952	Marionette	WARN	Ignoring event 'pageshow' because document has an invalid readyState of 'uninitialized'.
JavaScript warning: https://pagead2.googlesyndication.com/bg/Aq6axuIj4xdN0A4LClEu7wk1FdfqQrvSY5ZnYLGiLRk.js line 2 > eval line 71 > eval line 1 > eval line 1 > eval, line 1: WEBGL_debug_renderer_info is deprecated in Firefox and will be removed. Please use RENDERER.
JavaScript warning: https://pagead2.googlesyndication.com/bg/Aq6axuIj4xdN0A4LClEu7wk1FdfqQrvSY5ZnYLGiLRk.js line 2 > eval line 6715 > eval line 1 > eval line 1 > eval, line 1: WEBGL_debug_renderer_info is deprecated in Firefox and will be removed. Please use RENDERER.
1656099879294	Marionette	WARN	Ignoring event 'pageshow' because document has an invalid readyState of 'uninitialized'.
JavaScript error: , line 0: uncaught exception: 7
JavaScript warning: https://pagead2.googlesyndication.com/bg/Aq6axuIj4xdN0A4LClEu7wk1FdfqQrvSY5ZnYLGiLRk.js line 2 > eval line 2380 > eval line 1 > eval line 1 > eval, line 1: WEBGL_debug_renderer_info is deprecated in Firefox and will be removed. Please use RENDERER.
JavaScript error: , line 0: TypeError: NetworkError when attempting to fetch resource.
JavaScript error: https://assets.a-mo.net/js/cframe.js#gdpr=0&gdpr_consent=&cc=SG, line 1: Error: NO
JavaScript error: https://assets.a-mo.net/js/cframe.js#gdpr=0&gdpr_consent=&cc=SG, line 1: Error: NO
JavaScript error: https://assets.a-mo.net/js/cframe.js#gdpr=0&gdpr_consent=&cc=SG, line 1: Error: NO
JavaScript error: , line 0: TypeError: NetworkError when attempting to fetch resource.
JavaScript warning: https://pagead2.googlesyndication.com/bg/Aq6axuIj4xdN0A4LClEu7wk1FdfqQrvSY5ZnYLGiLRk.js line 2 > eval line 5658 > eval line 1 > eval line 1 > eval, line 1: WEBGL_debug_renderer_info is deprecated in Firefox and will be removed. Please use RENDERER.
JavaScript warning: https://pagead2.googlesyndication.com/bg/Aq6axuIj4xdN0A4LClEu7wk1FdfqQrvSY5ZnYLGiLRk.js line 2 > eval line 4398 > eval line 1 > eval line 1 > eval, line 1: WEBGL_debug_renderer_info is deprecated in Firefox and will be removed. Please use RENDERER.
Exiting due to channel error.
Exiting due to channel error.
Exiting due to channel error.
Exiting due to channel error.
Exiting due to channel error.
Exiting due to channel error.
Exiting due to channel error.
Exiting due to channel error.
Exiting due to channel error.
Exiting due to channel error.
Exiting due to channel error.
Exiting due to channel error.
Exiting due to channel error.
Exiting due to channel error.
Exiting due to channel error.
Exiting due to channel error.
Exiting due to channel error.
Exiting due to channel error.
Exiting due to channel error.
Exiting due to channel error.
Exiting due to channel error.
Exiting due to channel error.
Exiting due to channel error.
Exiting due to channel error.
Exiting due to channel error.
Exiting due to channel error.
Exiting due to channel error.
1656099931422	geckodriver	INFO	Listening on 127.0.0.1:42073
1656099931428	mozrunner::runner	INFO	Running command: "/usr/bin/firefox" "--marionette" "-no-remote" "-profile" "/tmp/rust_mozprofile7Lu4hH"
1656099932257	Marionette	INFO	Marionette enabled
console.warn: SearchSettings: "get: No settings file exists, new profile?" (new NotFoundError("Could not open the file at /tmp/rust_mozprofile7Lu4hH/search.json.mozlz4", (void 0)))
1656099934638	Marionette	INFO	Listening on port 43999
Read port: 43999
1656099934733	RemoteAgent	WARN	TLS certificate errors will be ignored for this session
JavaScript warning: https://api.fouanalytics.com/s/pp.js, line 1: WEBGL_debug_renderer_info is deprecated in Firefox and will be removed. Please use RENDERER.
JavaScript warning: https://pagead2.googlesyndication.com/bg/Aq6axuIj4xdN0A4LClEu7wk1FdfqQrvSY5ZnYLGiLRk.js line 2 > eval line 6868 > eval line 1 > eval line 1 > eval, line 1: WEBGL_debug_renderer_info is deprecated in Firefox and will be removed. Please use RENDERER.
JavaScript warning: https://pagead2.googlesyndication.com/bg/Aq6axuIj4xdN0A4LClEu7wk1FdfqQrvSY5ZnYLGiLRk.js line 2 > eval line 5982 > eval line 1 > eval line 1 > eval, line 1: WEBGL_debug_renderer_info is deprecated in Firefox and will be removed. Please use RENDERER.
JavaScript error: , line 0: uncaught exception: 7
1656099951751	Marionette	WARN	Ignoring event 'pageshow' because document has an invalid readyState of 'uninitialized'.
1656099951776	Marionette	WARN	Ignoring event 'pageshow' because document has an invalid readyState of 'uninitialized'.
JavaScript warning: https://pagead2.googlesyndication.com/bg/Aq6axuIj4xdN0A4LClEu7wk1FdfqQrvSY5ZnYLGiLRk.js line 2 > eval line 4233 > eval line 1 > eval line 1 > eval, line 1: WEBGL_debug_renderer_info is deprecated in Firefox and will be removed. Please use RENDERER.
JavaScript warning: https://pagead2.googlesyndication.com/bg/Aq6axuIj4xdN0A4LClEu7wk1FdfqQrvSY5ZnYLGiLRk.js line 2 > eval line 5175 > eval line 1 > eval line 1 > eval, line 1: WEBGL_debug_renderer_info is deprecated in Firefox and will be removed. Please use RENDERER.
1656099972892	Marionette	WARN	Ignoring event 'pageshow' because document has an invalid readyState of 'uninitialized'.
JavaScript error: https://imasdk.googleapis.com/formats/outstream/versioned/prod2/outstream_web_client_20220613_RC00/outstream.min.js, line 579: Error: lima_missing_ad_media
1656099975251	Marionette	WARN	Ignoring event 'pageshow' because document has an invalid readyState of 'uninitialized'.
JavaScript warning: https://pagead2.googlesyndication.com/bg/Aq6axuIj4xdN0A4LClEu7wk1FdfqQrvSY5ZnYLGiLRk.js line 2 > eval line 2819 > eval line 1 > eval line 1 > eval, line 1: WEBGL_debug_renderer_info is deprecated in Firefox and will be removed. Please use RENDERER.
JavaScript warning: https://pagead2.googlesyndication.com/bg/Aq6axuIj4xdN0A4LClEu7wk1FdfqQrvSY5ZnYLGiLRk.js line 2 > eval line 1793 > eval line 1 > eval line 1 > eval, line 1: WEBGL_debug_renderer_info is deprecated in Firefox and will be removed. Please use RENDERER.
JavaScript error: https://assets.a-mo.net/js/cframe.js#gdpr=0&gdpr_consent=&cc=SG, line 1: Error: NO
JavaScript error: , line 0: TypeError: NetworkError when attempting to fetch resource.
JavaScript error: , line 0: TypeError: NetworkError when attempting to fetch resource.
JavaScript warning: https://pagead2.googlesyndication.com/bg/Aq6axuIj4xdN0A4LClEu7wk1FdfqQrvSY5ZnYLGiLRk.js line 2 > eval line 3110 > eval line 1 > eval line 1 > eval, line 1: WEBGL_debug_renderer_info is deprecated in Firefox and will be removed. Please use RENDERER.
JavaScript warning: https://pagead2.googlesyndication.com/bg/Aq6axuIj4xdN0A4LClEu7wk1FdfqQrvSY5ZnYLGiLRk.js line 2 > eval line 3039 > eval line 1 > eval line 1 > eval, line 1: WEBGL_debug_renderer_info is deprecated in Firefox and will be removed. Please use RENDERER.
JavaScript warning: https://cdn.js7k.com/rq/iv/inside.js, line 1: WEBGL_debug_renderer_info is deprecated in Firefox and will be removed. Please use RENDERER.
JavaScript error: , line 0: TypeError: NetworkError when attempting to fetch resource.
JavaScript error: , line 0: uncaught exception: 7
JavaScript warning: https://pagead2.googlesyndication.com/bg/Aq6axuIj4xdN0A4LClEu7wk1FdfqQrvSY5ZnYLGiLRk.js line 2 > eval line 2469 > eval line 1 > eval line 1 > eval, line 1: WEBGL_debug_renderer_info is deprecated in Firefox and will be removed. Please use RENDERER.
Exiting due to channel error.
Exiting due to channel error.
Exiting due to channel error.
Exiting due to channel error.
Exiting due to channel error.
Exiting due to channel error.
Exiting due to channel error.
Exiting due to channel error.
Exiting due to channel error.
Exiting due to channel error.
Exiting due to channel error.
Exiting due to channel error.
Exiting due to channel error.
Exiting due to channel error.
Exiting due to channel error.
Exiting due to channel error.
Exiting due to channel error.
Exiting due to channel error.
Exiting due to channel error.
Exiting due to channel error.
Exiting due to channel error.
Exiting due to channel error.
Exiting due to channel error.
Exiting due to channel error.
Exiting due to channel error.
Exiting due to channel error.
Exiting due to channel error.
Exiting due to channel error.
Exiting due to channel error.
Exiting due to channel error.
Exiting due to channel error.
1656100016786	geckodriver	INFO	Listening on 127.0.0.1:50873
1656100016804	mozrunner::runner	INFO	Running command: "/usr/bin/firefox" "--marionette" "-no-remote" "-profile" "/tmp/rust_mozprofileAUUkvr"
1656100017625	Marionette	INFO	Marionette enabled
console.warn: SearchSettings: "get: No settings file exists, new profile?" (new NotFoundError("Could not open the file at /tmp/rust_mozprofileAUUkvr/search.json.mozlz4", (void 0)))
1656100020102	Marionette	INFO	Listening on port 45617
Read port: 45617
1656100020192	RemoteAgent	WARN	TLS certificate errors will be ignored for this session
JavaScript warning: https://api.fouanalytics.com/s/pp.js, line 1: WEBGL_debug_renderer_info is deprecated in Firefox and will be removed. Please use RENDERER.
JavaScript warning: https://pagead2.googlesyndication.com/bg/Aq6axuIj4xdN0A4LClEu7wk1FdfqQrvSY5ZnYLGiLRk.js line 2 > eval line 6708 > eval line 1 > eval line 1 > eval, line 1: WEBGL_debug_renderer_info is deprecated in Firefox and will be removed. Please use RENDERER.
JavaScript warning: https://pagead2.googlesyndication.com/bg/Aq6axuIj4xdN0A4LClEu7wk1FdfqQrvSY5ZnYLGiLRk.js line 2 > eval line 3277 > eval line 1 > eval line 1 > eval, line 1: WEBGL_debug_renderer_info is deprecated in Firefox and will be removed. Please use RENDERER.
1656100035752	Marionette	WARN	Ignoring event 'pageshow' because document has an invalid readyState of 'uninitialized'.
1656100035863	Marionette	WARN	Ignoring event 'pageshow' because document has an invalid readyState of 'uninitialized'.
JavaScript error: https://imasdk.googleapis.com/formats/outstream/versioned/prod2/outstream_web_client_20220613_RC00/outstream.min.js, line 579: Error: lima_missing_ad_media
JavaScript warning: https://pagead2.googlesyndication.com/bg/Aq6axuIj4xdN0A4LClEu7wk1FdfqQrvSY5ZnYLGiLRk.js line 2 > eval line 4039 > eval line 1 > eval line 1 > eval, line 1: WEBGL_debug_renderer_info is deprecated in Firefox and will be removed. Please use RENDERER.
JavaScript error: , line 0: TypeError: NetworkError when attempting to fetch resource.
JavaScript error: , line 0: TypeError: NetworkError when attempting to fetch resource.
JavaScript error: https://assets.a-mo.net/js/cframe.js#gdpr=0&gdpr_consent=&cc=SG, line 1: Error: NO
JavaScript error: , line 0: uncaught exception: 7
JavaScript warning: https://pagead2.googlesyndication.com/bg/Aq6axuIj4xdN0A4LClEu7wk1FdfqQrvSY5ZnYLGiLRk.js line 2 > eval line 2192 > eval line 1 > eval line 1 > eval, line 1: WEBGL_debug_renderer_info is deprecated in Firefox and will be removed. Please use RENDERER.
JavaScript error: , line 0: TypeError: NetworkError when attempting to fetch resource.
JavaScript warning: https://pagead2.googlesyndication.com/bg/Aq6axuIj4xdN0A4LClEu7wk1FdfqQrvSY5ZnYLGiLRk.js line 2 > eval line 1868 > eval line 1 > eval line 1 > eval, line 1: WEBGL_debug_renderer_info is deprecated in Firefox and will be removed. Please use RENDERER.
1656100082868	Marionette	INFO	Stopped listening on port 45617
JavaScript error: , line 0: TypeError: NetworkError when attempting to fetch resource.
JavaScript error: , line 0: TypeError: NetworkError when attempting to fetch resource.
JavaScript error: , line 0: TypeError: NetworkError when attempting to fetch resource.
JavaScript error: , line 0: TypeError: NetworkError when attempting to fetch resource.

###!!! [Child][PContentChild] Error: RunMessage(msgname=PHttpChannel::Msg_DeleteSelf) Channel closing: too late to send/recv, messages will be lost


###!!! [Child][PContentChild] Error: RunMessage(msgname=PHttpChannel::Msg_DeleteSelf) Channel closing: too late to send/recv, messages will be lost

1656100166146	geckodriver	INFO	Listening on 127.0.0.1:46607
1656100166152	mozrunner::runner	INFO	Running command: "/usr/bin/firefox" "--marionette" "-no-remote" "-profile" "/tmp/rust_mozprofilebRWYtk"
1656100166938	Marionette	INFO	Marionette enabled
console.warn: SearchSettings: "get: No settings file exists, new profile?" (new NotFoundError("Could not open the file at /tmp/rust_mozprofilebRWYtk/search.json.mozlz4", (void 0)))
1656100169354	Marionette	INFO	Listening on port 35631
Read port: 35631
1656100169503	RemoteAgent	WARN	TLS certificate errors will be ignored for this session
JavaScript warning: https://api.fouanalytics.com/s/pp.js, line 1: WEBGL_debug_renderer_info is deprecated in Firefox and will be removed. Please use RENDERER.
JavaScript warning: https://pagead2.googlesyndication.com/bg/Aq6axuIj4xdN0A4LClEu7wk1FdfqQrvSY5ZnYLGiLRk.js line 2 > eval line 5006 > eval line 1 > eval line 1 > eval, line 1: WEBGL_debug_renderer_info is deprecated in Firefox and will be removed. Please use RENDERER.
JavaScript warning: https://pagead2.googlesyndication.com/bg/Aq6axuIj4xdN0A4LClEu7wk1FdfqQrvSY5ZnYLGiLRk.js line 2 > eval line 2533 > eval line 1 > eval line 1 > eval, line 1: WEBGL_debug_renderer_info is deprecated in Firefox and will be removed. Please use RENDERER.
JavaScript warning: https://pagead2.googlesyndication.com/bg/Aq6axuIj4xdN0A4LClEu7wk1FdfqQrvSY5ZnYLGiLRk.js line 2 > eval line 7608 > eval line 1 > eval line 1 > eval, line 1: WEBGL_debug_renderer_info is deprecated in Firefox and will be removed. Please use RENDERER.
JavaScript warning: https://pagead2.googlesyndication.com/bg/Aq6axuIj4xdN0A4LClEu7wk1FdfqQrvSY5ZnYLGiLRk.js line 2 > eval line 1369 > eval line 1 > eval line 1 > eval, line 1: WEBGL_debug_renderer_info is deprecated in Firefox and will be removed. Please use RENDERER.
1656100184269	Marionette	WARN	Ignoring event 'pageshow' because document has an invalid readyState of 'uninitialized'.
1656100184429	Marionette	WARN	Ignoring event 'pageshow' because document has an invalid readyState of 'uninitialized'.
1656100203304	Marionette	INFO	Stopped listening on port 35631
JavaScript error: , line 0: TypeError: NetworkError when attempting to fetch resource.
JavaScript error: , line 0: TypeError: NetworkError when attempting to fetch resource.
JavaScript error: , line 0: TypeError: NetworkError when attempting to fetch resource.
1656100223760	geckodriver	INFO	Listening on 127.0.0.1:57651
1656100223770	mozrunner::runner	INFO	Running command: "/usr/bin/firefox" "--marionette" "-no-remote" "-profile" "/tmp/rust_mozprofile40k59X"
1656100224552	Marionette	INFO	Marionette enabled
console.warn: SearchSettings: "get: No settings file exists, new profile?" (new NotFoundError("Could not open the file at /tmp/rust_mozprofile40k59X/search.json.mozlz4", (void 0)))
1656100226906	Marionette	INFO	Listening on port 33655
Read port: 33655
1656100227032	RemoteAgent	WARN	TLS certificate errors will be ignored for this session
JavaScript warning: https://api.fouanalytics.com/s/pp.js, line 1: WEBGL_debug_renderer_info is deprecated in Firefox and will be removed. Please use RENDERER.
JavaScript warning: https://pagead2.googlesyndication.com/bg/Aq6axuIj4xdN0A4LClEu7wk1FdfqQrvSY5ZnYLGiLRk.js line 2 > eval line 4902 > eval line 1 > eval line 1 > eval, line 1: WEBGL_debug_renderer_info is deprecated in Firefox and will be removed. Please use RENDERER.
1656100232764	Marionette	WARN	Ignoring event 'pageshow' because document has an invalid readyState of 'uninitialized'.
JavaScript error: https://eus.rubiconproject.com/usync.js, line 4: SecurityError: The operation is insecure.
JavaScript error: https://eus.rubiconproject.com/usync.js, line 4: SecurityError: The operation is insecure.
1656100242681	Marionette	WARN	Ignoring event 'pageshow' because document has an invalid readyState of 'uninitialized'.
1656100242890	Marionette	WARN	Ignoring event 'pageshow' because document has an invalid readyState of 'uninitialized'.
JavaScript warning: https://pagead2.googlesyndication.com/bg/Aq6axuIj4xdN0A4LClEu7wk1FdfqQrvSY5ZnYLGiLRk.js line 2 > eval line 1409 > eval line 1 > eval line 1 > eval, line 1: WEBGL_debug_renderer_info is deprecated in Firefox and will be removed. Please use RENDERER.
JavaScript warning: https://pagead2.googlesyndication.com/bg/Aq6axuIj4xdN0A4LClEu7wk1FdfqQrvSY5ZnYLGiLRk.js line 2 > eval line 7746 > eval line 1 > eval line 1 > eval, line 1: WEBGL_debug_renderer_info is deprecated in Firefox and will be removed. Please use RENDERER.
JavaScript warning: https://pagead2.googlesyndication.com/bg/Aq6axuIj4xdN0A4LClEu7wk1FdfqQrvSY5ZnYLGiLRk.js line 2 > eval line 6716 > eval line 1 > eval line 1 > eval, line 1: WEBGL_debug_renderer_info is deprecated in Firefox and will be removed. Please use RENDERER.
JavaScript warning: https://pagead2.googlesyndication.com/bg/Aq6axuIj4xdN0A4LClEu7wk1FdfqQrvSY5ZnYLGiLRk.js line 2 > eval line 71 > eval line 1 > eval line 1 > eval, line 1: WEBGL_debug_renderer_info is deprecated in Firefox and will be removed. Please use RENDERER.
JavaScript error: , line 0: TypeError: NetworkError when attempting to fetch resource.
JavaScript error: https://assets.a-mo.net/js/cframe.js#gdpr=0&gdpr_consent=&cc=SG, line 1: Error: NO
JavaScript error: https://assets.a-mo.net/js/cframe.js#gdpr=0&gdpr_consent=&cc=SG, line 1: Error: NO
JavaScript error: https://assets.a-mo.net/js/cframe.js#gdpr=0&gdpr_consent=&cc=SG, line 1: Error: NO
JavaScript error: , line 0: TypeError: NetworkError when attempting to fetch resource.
JavaScript warning: https://pagead2.googlesyndication.com/bg/Aq6axuIj4xdN0A4LClEu7wk1FdfqQrvSY5ZnYLGiLRk.js line 2 > eval line 2131 > eval line 1 > eval line 1 > eval, line 1: WEBGL_debug_renderer_info is deprecated in Firefox and will be removed. Please use RENDERER.
JavaScript error: , line 0: TypeError: NetworkError when attempting to fetch resource.
JavaScript error: , line 0: TypeError: NetworkError when attempting to fetch resource.
JavaScript warning: https://pagead2.googlesyndication.com/bg/Aq6axuIj4xdN0A4LClEu7wk1FdfqQrvSY5ZnYLGiLRk.js line 2 > eval line 3103 > eval line 1 > eval line 1 > eval, line 1: WEBGL_debug_renderer_info is deprecated in Firefox and will be removed. Please use RENDERER.
JavaScript warning: https://pagead2.googlesyndication.com/bg/Aq6axuIj4xdN0A4LClEu7wk1FdfqQrvSY5ZnYLGiLRk.js line 2 > eval line 7447 > eval line 1 > eval line 1 > eval, line 1: WEBGL_debug_renderer_info is deprecated in Firefox and will be removed. Please use RENDERER.
1656100282452	Marionette	INFO	Stopped listening on port 33655

###!!! [Child][PContentChild] Error: RunMessage(msgname=PHttpChannel::Msg_DeleteSelf) Channel closing: too late to send/recv, messages will be lost

JavaScript error: , line 0: TypeError: NetworkError when attempting to fetch resource.
JavaScript error: , line 0: TypeError: NetworkError when attempting to fetch resource.
JavaScript error: , line 0: TypeError: NetworkError when attempting to fetch resource.
JavaScript error: , line 0: TypeError: NetworkError when attempting to fetch resource.

###!!! [Child][PContentChild] Error: RunMessage(msgname=PContent::Reply_DiscardBrowsingContext) Channel closing: too late to send/recv, messages will be lost


###!!! [Child][PContentChild] Error: RunMessage(msgname=PHttpChannel::Msg_DeleteSelf) Channel closing: too late to send/recv, messages will be lost


###!!! [Child][PContentChild] Error: RunMessage(msgname=PHttpChannel::Msg_DeleteSelf) Channel closing: too late to send/recv, messages will be lost


###!!! [Child][PContentChild] Error: RunMessage(msgname=PHttpChannel::Msg_DeleteSelf) Channel closing: too late to send/recv, messages will be lost


###!!! [Child][PContentChild] Error: RunMessage(msgname=PHttpChannel::Msg_DeleteSelf) Channel closing: too late to send/recv, messages will be lost


###!!! [Parent][PContentParent] Error: Send(msgname=PContent::Msg_DestroyBrowsingContextGroup) Closed channel: cannot send/recv


###!!! [Parent][PImageBridgeParent] Error: RunMessage(msgname=PImageBridge::Msg_WillClose) Channel closing: too late to send/recv, messages will be lost

